<?xml version="1.0" encoding="UTF-8"?>
<testng-results ignored="0" total="8" passed="5" failed="3" skipped="0">
  <reporter-output>
  </reporter-output>
  <suite started-at="2022-09-21T08:35:34 IST" name="practice" finished-at="2022-09-21T08:35:57 IST" duration-ms="23361">
    <groups>
    </groups>
    <test started-at="2022-09-21T08:35:34 IST" name="Test_set_1" finished-at="2022-09-21T08:35:57 IST" duration-ms="23361">
      <class name="contactsModule.T04_ValidateAdvancedSearch">
        <test-method is-config="true" signature="launchBrowser(java.lang.String)[pri:0, instance:contactsModule.T04_ValidateAdvancedSearch@72967906]" started-at="2022-09-21T08:35:34 IST" name="launchBrowser" finished-at="2022-09-21T08:35:41 IST" duration-ms="7335" status="PASS">
          <params>
            <param index="0">
              <value>
                <![CDATA[chrome]]>
              </value>
            </param>
          </params>
          <reporter-output>
          </reporter-output>
        </test-method> <!-- launchBrowser -->
        <test-method is-config="true" signature="advancedSearchSetup()[pri:0, instance:contactsModule.T04_ValidateAdvancedSearch@72967906]" started-at="2022-09-21T08:35:41 IST" name="advancedSearchSetup" finished-at="2022-09-21T08:35:52 IST" duration-ms="11199" status="PASS">
          <reporter-output>
          </reporter-output>
        </test-method> <!-- advancedSearchSetup -->
        <test-method signature="advancedSearchNegetive(java.lang.String)[pri:0, instance:contactsModule.T04_ValidateAdvancedSearch@72967906]" started-at="2022-09-21T08:35:54 IST" name="advancedSearchNegetive" data-provider="dataFeederNegetive" finished-at="2022-09-21T08:35:56 IST" duration-ms="1740" status="PASS">
          <params>
            <param index="0">
              <value>
                <![CDATA[hj]]>
              </value>
            </param>
          </params>
          <reporter-output>
          </reporter-output>
        </test-method> <!-- advancedSearchNegetive -->
        <test-method signature="advancedSearchNegetive(java.lang.String)[pri:0, instance:contactsModule.T04_ValidateAdvancedSearch@72967906]" started-at="2022-09-21T08:35:56 IST" name="advancedSearchNegetive" data-provider="dataFeederNegetive" finished-at="2022-09-21T08:35:56 IST" duration-ms="180" status="PASS">
          <params>
            <param index="0">
              <value>
                <![CDATA[fdg@]]>
              </value>
            </param>
          </params>
          <reporter-output>
          </reporter-output>
        </test-method> <!-- advancedSearchNegetive -->
        <test-method signature="advancedSearchNegetive(java.lang.String)[pri:0, instance:contactsModule.T04_ValidateAdvancedSearch@72967906]" started-at="2022-09-21T08:35:56 IST" name="advancedSearchNegetive" data-provider="dataFeederNegetive" finished-at="2022-09-21T08:35:56 IST" duration-ms="170" status="PASS">
          <params>
            <param index="0">
              <value>
                <![CDATA[jk89]]>
              </value>
            </param>
          </params>
          <reporter-output>
          </reporter-output>
        </test-method> <!-- advancedSearchNegetive -->
        <test-method signature="advancedSearchNegetive(java.lang.String)[pri:0, instance:contactsModule.T04_ValidateAdvancedSearch@72967906]" started-at="2022-09-21T08:35:56 IST" name="advancedSearchNegetive" data-provider="dataFeederNegetive" finished-at="2022-09-21T08:35:56 IST" duration-ms="159" status="PASS">
          <params>
            <param index="0">
              <value>
                <![CDATA[56]]>
              </value>
            </param>
          </params>
          <reporter-output>
          </reporter-output>
        </test-method> <!-- advancedSearchNegetive -->
        <test-method signature="advancedSearchNegetive(java.lang.String)[pri:0, instance:contactsModule.T04_ValidateAdvancedSearch@72967906]" started-at="2022-09-21T08:35:56 IST" name="advancedSearchNegetive" data-provider="dataFeederNegetive" finished-at="2022-09-21T08:35:56 IST" duration-ms="156" status="PASS">
          <params>
            <param index="0">
              <value>
                <![CDATA[kumar]]>
              </value>
            </param>
          </params>
          <reporter-output>
          </reporter-output>
        </test-method> <!-- advancedSearchNegetive -->
        <test-method signature="advancedSearchPositive(java.lang.String,java.lang.String)[pri:0, instance:contactsModule.T04_ValidateAdvancedSearch@72967906]" started-at="2022-09-21T08:35:56 IST" name="advancedSearchPositive" data-provider="dataFeederPositive" finished-at="2022-09-21T08:35:57 IST" duration-ms="168" status="FAIL">
          <params>
            <param index="0">
              <value>
                <![CDATA[Kumar]]>
              </value>
            </param>
            <param index="1">
              <value>
                <![CDATA[3]]>
              </value>
            </param>
          </params>
          <exception class="java.lang.StringIndexOutOfBoundsException">
            <message>
              <![CDATA[begin 25, end 0, length 0]]>
            </message>
            <full-stacktrace>
              <![CDATA[java.lang.StringIndexOutOfBoundsException: begin 25, end 0, length 0
at java.base/java.lang.String.checkBoundsBeginEnd(String.java:4601)
at java.base/java.lang.String.substring(String.java:2704)
at java.base/java.lang.String.substring(String.java:2677)
at object_repo.Contacts_Page.advancedSearchResults(Contacts_Page.java:117)
at contactsModule.T04_ValidateAdvancedSearch.advancedSearchPositive(T04_ValidateAdvancedSearch.java:54)
at java.base/jdk.internal.reflect.NativeMethodAccessorImpl.invoke0(Native Method)
at java.base/jdk.internal.reflect.NativeMethodAccessorImpl.invoke(NativeMethodAccessorImpl.java:77)
at java.base/jdk.internal.reflect.DelegatingMethodAccessorImpl.invoke(DelegatingMethodAccessorImpl.java:43)
at java.base/java.lang.reflect.Method.invoke(Method.java:568)
at org.testng.internal.MethodInvocationHelper.invokeMethod(MethodInvocationHelper.java:133)
at org.testng.internal.TestInvoker.invokeMethod(TestInvoker.java:598)
at org.testng.internal.TestInvoker.invokeTestMethod(TestInvoker.java:173)
at org.testng.internal.MethodRunner.runInSequence(MethodRunner.java:46)
at org.testng.internal.TestInvoker$MethodInvocationAgent.invoke(TestInvoker.java:824)
at org.testng.internal.TestInvoker.invokeTestMethods(TestInvoker.java:146)
at org.testng.internal.TestMethodWorker.invokeTestMethods(TestMethodWorker.java:146)
at org.testng.internal.TestMethodWorker.run(TestMethodWorker.java:128)
at java.base/java.util.ArrayList.forEach(ArrayList.java:1511)
at org.testng.TestRunner.privateRun(TestRunner.java:794)
at org.testng.TestRunner.run(TestRunner.java:596)
at org.testng.SuiteRunner.runTest(SuiteRunner.java:377)
at org.testng.SuiteRunner.runSequentially(SuiteRunner.java:371)
at org.testng.SuiteRunner.privateRun(SuiteRunner.java:332)
at org.testng.SuiteRunner.run(SuiteRunner.java:276)
at org.testng.SuiteRunnerWorker.runSuite(SuiteRunnerWorker.java:53)
at org.testng.SuiteRunnerWorker.run(SuiteRunnerWorker.java:96)
at org.testng.TestNG.runSuitesSequentially(TestNG.java:1212)
at org.testng.TestNG.runSuitesLocally(TestNG.java:1134)
at org.testng.TestNG.runSuites(TestNG.java:1063)
at org.testng.TestNG.run(TestNG.java:1031)
at org.testng.remote.AbstractRemoteTestNG.run(AbstractRemoteTestNG.java:115)
at org.testng.remote.RemoteTestNG.initAndRun(RemoteTestNG.java:251)
at org.testng.remote.RemoteTestNG.main(RemoteTestNG.java:77)
]]>
            </full-stacktrace>
          </exception> <!-- java.lang.StringIndexOutOfBoundsException -->
          <reporter-output>
          </reporter-output>
        </test-method> <!-- advancedSearchPositive -->
        <test-method signature="advancedSearchPositive(java.lang.String,java.lang.String)[pri:0, instance:contactsModule.T04_ValidateAdvancedSearch@72967906]" started-at="2022-09-21T08:35:57 IST" name="advancedSearchPositive" data-provider="dataFeederPositive" finished-at="2022-09-21T08:35:57 IST" duration-ms="137" status="FAIL">
          <params>
            <param index="0">
              <value>
                <![CDATA[um]]>
              </value>
            </param>
            <param index="1">
              <value>
                <![CDATA[4]]>
              </value>
            </param>
          </params>
          <exception class="java.lang.StringIndexOutOfBoundsException">
            <message>
              <![CDATA[begin 25, end 0, length 0]]>
            </message>
            <full-stacktrace>
              <![CDATA[java.lang.StringIndexOutOfBoundsException: begin 25, end 0, length 0
at java.base/java.lang.String.checkBoundsBeginEnd(String.java:4601)
at java.base/java.lang.String.substring(String.java:2704)
at java.base/java.lang.String.substring(String.java:2677)
at object_repo.Contacts_Page.advancedSearchResults(Contacts_Page.java:117)
at contactsModule.T04_ValidateAdvancedSearch.advancedSearchPositive(T04_ValidateAdvancedSearch.java:54)
at java.base/jdk.internal.reflect.NativeMethodAccessorImpl.invoke0(Native Method)
at java.base/jdk.internal.reflect.NativeMethodAccessorImpl.invoke(NativeMethodAccessorImpl.java:77)
at java.base/jdk.internal.reflect.DelegatingMethodAccessorImpl.invoke(DelegatingMethodAccessorImpl.java:43)
at java.base/java.lang.reflect.Method.invoke(Method.java:568)
at org.testng.internal.MethodInvocationHelper.invokeMethod(MethodInvocationHelper.java:133)
at org.testng.internal.TestInvoker.invokeMethod(TestInvoker.java:598)
at org.testng.internal.TestInvoker.invokeTestMethod(TestInvoker.java:173)
at org.testng.internal.MethodRunner.runInSequence(MethodRunner.java:46)
at org.testng.internal.TestInvoker$MethodInvocationAgent.invoke(TestInvoker.java:824)
at org.testng.internal.TestInvoker.invokeTestMethods(TestInvoker.java:146)
at org.testng.internal.TestMethodWorker.invokeTestMethods(TestMethodWorker.java:146)
at org.testng.internal.TestMethodWorker.run(TestMethodWorker.java:128)
at java.base/java.util.ArrayList.forEach(ArrayList.java:1511)
at org.testng.TestRunner.privateRun(TestRunner.java:794)
at org.testng.TestRunner.run(TestRunner.java:596)
at org.testng.SuiteRunner.runTest(SuiteRunner.java:377)
at org.testng.SuiteRunner.runSequentially(SuiteRunner.java:371)
at org.testng.SuiteRunner.privateRun(SuiteRunner.java:332)
at org.testng.SuiteRunner.run(SuiteRunner.java:276)
at org.testng.SuiteRunnerWorker.runSuite(SuiteRunnerWorker.java:53)
at org.testng.SuiteRunnerWorker.run(SuiteRunnerWorker.java:96)
at org.testng.TestNG.runSuitesSequentially(TestNG.java:1212)
at org.testng.TestNG.runSuitesLocally(TestNG.java:1134)
at org.testng.TestNG.runSuites(TestNG.java:1063)
at org.testng.TestNG.run(TestNG.java:1031)
at org.testng.remote.AbstractRemoteTestNG.run(AbstractRemoteTestNG.java:115)
at org.testng.remote.RemoteTestNG.initAndRun(RemoteTestNG.java:251)
at org.testng.remote.RemoteTestNG.main(RemoteTestNG.java:77)
]]>
            </full-stacktrace>
          </exception> <!-- java.lang.StringIndexOutOfBoundsException -->
          <reporter-output>
          </reporter-output>
        </test-method> <!-- advancedSearchPositive -->
        <test-method signature="advancedSearchPositive(java.lang.String,java.lang.String)[pri:0, instance:contactsModule.T04_ValidateAdvancedSearch@72967906]" started-at="2022-09-21T08:35:57 IST" name="advancedSearchPositive" data-provider="dataFeederPositive" finished-at="2022-09-21T08:35:57 IST" duration-ms="176" status="FAIL">
          <params>
            <param index="0">
              <value>
                <![CDATA[Hu]]>
              </value>
            </param>
            <param index="1">
              <value>
                <![CDATA[1]]>
              </value>
            </param>
          </params>
          <exception class="java.lang.StringIndexOutOfBoundsException">
            <message>
              <![CDATA[begin 25, end 0, length 0]]>
            </message>
            <full-stacktrace>
              <![CDATA[java.lang.StringIndexOutOfBoundsException: begin 25, end 0, length 0
at java.base/java.lang.String.checkBoundsBeginEnd(String.java:4601)
at java.base/java.lang.String.substring(String.java:2704)
at java.base/java.lang.String.substring(String.java:2677)
at object_repo.Contacts_Page.advancedSearchResults(Contacts_Page.java:117)
at contactsModule.T04_ValidateAdvancedSearch.advancedSearchPositive(T04_ValidateAdvancedSearch.java:54)
at java.base/jdk.internal.reflect.NativeMethodAccessorImpl.invoke0(Native Method)
at java.base/jdk.internal.reflect.NativeMethodAccessorImpl.invoke(NativeMethodAccessorImpl.java:77)
at java.base/jdk.internal.reflect.DelegatingMethodAccessorImpl.invoke(DelegatingMethodAccessorImpl.java:43)
at java.base/java.lang.reflect.Method.invoke(Method.java:568)
at org.testng.internal.MethodInvocationHelper.invokeMethod(MethodInvocationHelper.java:133)
at org.testng.internal.TestInvoker.invokeMethod(TestInvoker.java:598)
at org.testng.internal.TestInvoker.invokeTestMethod(TestInvoker.java:173)
at org.testng.internal.MethodRunner.runInSequence(MethodRunner.java:46)
at org.testng.internal.TestInvoker$MethodInvocationAgent.invoke(TestInvoker.java:824)
at org.testng.internal.TestInvoker.invokeTestMethods(TestInvoker.java:146)
at org.testng.internal.TestMethodWorker.invokeTestMethods(TestMethodWorker.java:146)
at org.testng.internal.TestMethodWorker.run(TestMethodWorker.java:128)
at java.base/java.util.ArrayList.forEach(ArrayList.java:1511)
at org.testng.TestRunner.privateRun(TestRunner.java:794)
at org.testng.TestRunner.run(TestRunner.java:596)
at org.testng.SuiteRunner.runTest(SuiteRunner.java:377)
at org.testng.SuiteRunner.runSequentially(SuiteRunner.java:371)
at org.testng.SuiteRunner.privateRun(SuiteRunner.java:332)
at org.testng.SuiteRunner.run(SuiteRunner.java:276)
at org.testng.SuiteRunnerWorker.runSuite(SuiteRunnerWorker.java:53)
at org.testng.SuiteRunnerWorker.run(SuiteRunnerWorker.java:96)
at org.testng.TestNG.runSuitesSequentially(TestNG.java:1212)
at org.testng.TestNG.runSuitesLocally(TestNG.java:1134)
at org.testng.TestNG.runSuites(TestNG.java:1063)
at org.testng.TestNG.run(TestNG.java:1031)
at org.testng.remote.AbstractRemoteTestNG.run(AbstractRemoteTestNG.java:115)
at org.testng.remote.RemoteTestNG.initAndRun(RemoteTestNG.java:251)
at org.testng.remote.RemoteTestNG.main(RemoteTestNG.java:77)
]]>
            </full-stacktrace>
          </exception> <!-- java.lang.StringIndexOutOfBoundsException -->
          <reporter-output>
          </reporter-output>
        </test-method> <!-- advancedSearchPositive -->
        <test-method is-config="true" signature="quitBrowser()[pri:0, instance:contactsModule.T04_ValidateAdvancedSearch@72967906]" started-at="2022-09-21T08:35:57 IST" name="quitBrowser" finished-at="2022-09-21T08:35:57 IST" duration-ms="377" status="PASS">
          <reporter-output>
          </reporter-output>
        </test-method> <!-- quitBrowser -->
      </class> <!-- contactsModule.T04_ValidateAdvancedSearch -->
    </test> <!-- Test_set_1 -->
  </suite> <!-- practice -->
</testng-results>
